<?xml version="1.0" encoding="UTF-8" standalone="yes" ?>
<test-results name="C:\Projetos Pessoais\branas.io\motorista-pop\backend\Win64\Debug\motorista_pop_teste.exe" total="23" errors="0" failures="0" ignored="0" inconclusive="0" not-run="0" skipped="0" invalid="0" date="2023-09-10" time="0.095">
  <culture-info current-culture="en" current-uiculture="en" />
  <test-suite type="Assembly" name="motorista_pop_teste.exe" executed="true" result="Success" success="True" time="0.095" asserts="0">
    <results>
        <test-suite type="Namespace" name="CPF" executed="true" result="Success" success="True" time="0.095" asserts="0" >
          <results>
              <test-suite type="Fixture" name="TValidadorCPFTeste" executed="True" result="Success" success="True" time="0.095" >
                <results>
                  <test-case name="TestarValidacaoDeCPFCorreto.Deve aceitar um CPF válido" executed="True" result="Success" success="True" time="0.000" asserts="0" />
                  <test-case name="TestarValidacaoDeCPFCorreto.Deve aceitar um CPF válido com último digito igual a zero" executed="True" result="Success" success="True" time="0.000" asserts="0" />
                  <test-case name="TestarValidacaoDeCPFCorreto.Deve aceitar um CPF válido com máscara" executed="True" result="Success" success="True" time="0.000" asserts="0" />
                  <test-case name="TestarValidacaoDeCPFCorreto.Deve aceitar um CPF válido com máscara e com dois dígitos iguais a zero" executed="True" result="Success" success="True" time="0.000" asserts="0" />
                  <test-case name="TestarValidacaoDeCPFErrado.Deve rejeitar um CPF inválido" executed="True" result="Success" success="True" time="0.000" asserts="0" />
                  <test-case name="TestarValidacaoDeCPFErrado.Deve rejeitar um CPF inválido" executed="True" result="Success" success="True" time="0.000" asserts="0" />
                  <test-case name="TestarValidacaoDeCPFErrado.Deve rejeitar um CPF inválido com último digito igual a zero" executed="True" result="Success" success="True" time="0.000" asserts="0" />
                  <test-case name="TestarValidacaoDeCPFErrado.Deve rejeitar um CPF válido com máscara inválida" executed="True" result="Success" success="True" time="0.000" asserts="0" />
                  <test-case name="TestarValidacaoDeCPFErrado.Deve rejeitar um CPF válido misturado com letras" executed="True" result="Success" success="True" time="0.000" asserts="0" />
                  <test-case name="TestarValidacaoDeCPFErrado.Deve rejeitar um CPF inválido com comprimento menor que 11" executed="True" result="Success" success="True" time="0.000" asserts="0" />
                </results>
              </test-suite>
          </results>
        </test-suite>
        <test-suite type="Namespace" name="Corrida" executed="true" result="Success" success="True" time="0.093" asserts="0" >
          <results>
              <test-suite type="Fixture" name="TServicoCorridaTeste" executed="True" result="Success" success="True" time="0.093" >
                <results>
                  <test-case name="PassageiroDeveSolicitarCorrida" executed="True" result="Success" success="True" time="0.031" asserts="0" />
                  <test-case name="MotoristaNaoPodeSolicitarCorrida" executed="True" result="Success" success="True" time="0.000" asserts="0" />
                  <test-case name="PassageiroComCorridasNaoConcluidasNaoPodeSolicitarNovaCorrida" executed="True" result="Success" success="True" time="0.016" asserts="0" />
                  <test-case name="MotoristaDeveAceitarCorrida" executed="True" result="Success" success="True" time="0.016" asserts="0" />
                  <test-case name="PassageiroNaoPodeAceitarCorrida" executed="True" result="Success" success="True" time="0.000" asserts="0" />
                  <test-case name="MotoristaNaoPodeAceitarCorridaNaoSolicitada" executed="True" result="Success" success="True" time="0.015" asserts="0" />
                </results>
              </test-suite>
          </results>
        </test-suite>
        <test-suite type="Namespace" name="ContaUsuario" executed="true" result="Success" success="True" time="0.021" asserts="0" >
          <results>
              <test-suite type="Fixture" name="TServicoContaUsuarioTeste" executed="True" result="Success" success="True" time="0.021" >
                <results>
                  <test-case name="DeveCriarUmPassageiro" executed="True" result="Success" success="True" time="0.000" asserts="0" />
                  <test-case name="NaoDeveCriarUmPassageiroComCPFInvalido" executed="True" result="Success" success="True" time="0.015" asserts="0" />
                  <test-case name="NaoDeveCriarUmPassageiroComNomeInvalido" executed="True" result="Success" success="True" time="0.001" asserts="0" />
                  <test-case name="NaoDeveCriarUmPassageiroComEmailInvalido" executed="True" result="Success" success="True" time="0.000" asserts="0" />
                  <test-case name="NaoDeveCriarUmPassageiroComContaJaExistente" executed="True" result="Success" success="True" time="0.000" asserts="0" />
                  <test-case name="DeveCriarUmMotorista" executed="True" result="Success" success="True" time="0.000" asserts="0" />
                  <test-case name="NaoDeveCriarUmMotoristaComPlacaDoCarroInvalida" executed="True" result="Success" success="True" time="0.000" asserts="0" />
                </results>
              </test-suite>
          </results>
        </test-suite>
    </results>
  </test-suite>
</test-results>
